error: pathspec 'feat/semana7-modelado' did not match any file(s) known to git
warning: in the working copy of 'push_semana.sh', LF will be replaced by CRLF the next time Git touches it
warning: in the working copy of 'reports/logs/push_20251106_141743.log', LF will be replaced by CRLF the next time Git touches it
warning: in the working copy of 'reports/logs/semana6_run_20251106_123306.log', LF will be replaced by CRLF the next time Git touches it
warning: in the working copy of 'reports/logs/semana6_run_20251106_123541.log', LF will be replaced by CRLF the next time Git touches it
warning: in the working copy of 'reports/logs/semana6_run_20251106_124200.log', LF will be replaced by CRLF the next time Git touches it
warning: in the working copy of 'reports/logs/semana6_run_20251106_124259.log', LF will be replaced by CRLF the next time Git touches it
warning: in the working copy of 'run_semana7_full.sh', LF will be replaced by CRLF the next time Git touches it
[main 96ecf29] Semana 7 - Experimentos comparables
 21 files changed, 845 insertions(+), 53 deletions(-)
 create mode 100644 docs/Maestria2_IA07.pptx
 create mode 100644 docs/readme_sem7.md
 create mode 100644 docs/semana7_neo.jpg
 create mode 100644 push_semana.sh
 create mode 100644 reports/figures/sem6_radar_model.png
 create mode 100644 reports/logs/push_20251106_141743.log
 create mode 100644 reports/logs/semana6_run_20251106_123306.log
 create mode 100644 reports/logs/semana6_run_20251106_123541.log
 create mode 100644 reports/logs/semana6_run_20251106_124200.log
 create mode 100644 reports/logs/semana6_run_20251106_124259.log
 create mode 100644 reports/logs/semana6_transcript_20251106_121800.log
 create mode 100644 run_semana6_full.ps1
 create mode 100644 run_semana7_full.sh
 create mode 100644 scripts/opt_bayes_opt.py
 create mode 100644 scripts/opt_plot_evolution.py
 create mode 100644 scripts/opt_random_search.py
 create mode 100644 scripts/opt_summary.py
error: src refspec feat/semana7-modelado does not match any
error: failed to push some refs to 'https://github.com/webconceptos/Deteccion_Corrupcion'
